[29Aug2025 00:00:26.302] [c2me-worker-2/ERROR] [net.minecraft.world.entity.decoration.BlockAttachedEntity/]: Block-attached entity at invalid position: BlockPos{x=216, y=47, z=211}
[29Aug2025 00:01:29.116] [Server thread/INFO] [net.minecraft.server.MinecraftServer/]: Celxex has made the advancement [Endangered species]
[29Aug2025 00:01:29.117] [Server thread/INFO] [net.minecraft.world.entity.LivingEntity/]: Named entity Pillager['⚔ Alaric Archerstone'/234, l='ServerLevel[world]', x=-346.21, y=63.00, z=-258.71] died: ⚔ Alaric Archerstone was slain by Celxex
[29Aug2025 00:01:43.738] [Server thread/INFO] [net.minecraft.server.MinecraftServer/]: Celxex has made the advancement [Storyteller]
[29Aug2025 00:02:06.321] [Server thread/INFO] [net.minecraft.server.MinecraftServer/]: [Celxex: Set the time to 1000]
[29Aug2025 00:02:11.887] [Server thread/INFO] [net.minecraft.server.MinecraftServer/]: [Not Secure] <Celxex> KJASDKJAS SI
[29Aug2025 00:02:30.143] [Server thread/INFO] [net.minecraft.server.MinecraftServer/]: [Not Secure] <Celxex> si
[29Aug2025 00:02:43.731] [Server thread/INFO] [net.minecraft.server.MinecraftServer/]: [Not Secure] <Celxex> no
[29Aug2025 00:02:49.638] [Server thread/INFO] [net.minecraft.server.MinecraftServer/]: [Not Secure] <Celxex> en el huero hay ya
[29Aug2025 00:03:13.764] [Server thread/INFO] [net.minecraft.server.MinecraftServer/]: [Not Secure] <Celxex> tiene tiempo
[29Aug2025 00:03:25.196] [Server thread/INFO] [net.minecraft.server.MinecraftServer/]: [Not Secure] <Celxex> ahora vacas
[29Aug2025 00:03:45.652] [Server thread/INFO] [net.minecraft.server.MinecraftServer/]: [Not Secure] <Celxex> con dos de hierro se hacen
[29Aug2025 00:04:03.017] [Server thread/INFO] [net.minecraft.server.MinecraftServer/]: [Not Secure] <Celxex> no los pequeños no
[29Aug2025 00:06:05.328] [Server thread/INFO] [net.minecraft.server.MinecraftServer/]: [Not Secure] <Celxex> se reproducen
[29Aug2025 00:06:10.420] [Server thread/INFO] [net.minecraft.server.MinecraftServer/]: [Not Secure] <Celxex> mato a las viejas
[29Aug2025 00:06:12.263] [Server thread/INFO] [net.minecraft.server.MinecraftServer/]: [Not Secure] <Celxex> y asi
[29Aug2025 00:06:29.143] [Server thread/INFO] [net.minecraft.server.MinecraftServer/]: [Not Secure] <Celxex> con dos esta bien
[29Aug2025 00:06:41.665] [c2me-worker-1/WARN] [net.minecraft.world.entity.ai.attributes.AttributeMap/]: Ignoring unknown attribute 'minecraft:movement_speed'
[29Aug2025 00:06:41.665] [c2me-worker-1/WARN] [net.minecraft.world.entity.ai.attributes.AttributeMap/]: Ignoring unknown attribute 'minecraft:movement_speed'
[29Aug2025 00:06:41.665] [c2me-worker-1/WARN] [net.minecraft.world.entity.ai.attributes.AttributeMap/]: Ignoring unknown attribute 'minecraft:movement_speed'
[29Aug2025 00:06:44.980] [Server thread/INFO] [net.alshanex.familiarslib.FamiliarsLib/]: Familiar 7f06b117-20d5-42de-b050-7bd5850f7dab exited house mode
[29Aug2025 00:06:46.996] [Server thread/INFO] [net.alshanex.familiarslib.FamiliarsLib/]: Familiar 7f06b117-20d5-42de-b050-7bd5850f7dab exited house mode
[29Aug2025 00:07:34.141] [Server thread/INFO] [net.minecraft.server.MinecraftServer/]: [Not Secure] <Celxex> veo vacas
[29Aug2025 00:07:47.145] [c2me-worker-2/WARN] [net.minecraft.world.level.levelgen.heightproviders.UniformHeight/]: Empty height range: [30 absolute-20 absolute]
[29Aug2025 00:07:54.998] [Server thread/INFO] [net.minecraft.server.MinecraftServer/]: [Not Secure] <Celxex> mata a todas
[29Aug2025 00:07:57.986] [Server thread/INFO] [net.minecraft.server.MinecraftServer/]: [Not Secure] <Celxex> nos llevamos 2
[29Aug2025 00:08:37.226] [Server thread/INFO] [net.minecraft.server.MinecraftServer/]: [Not Secure] <Celxex> veni
[29Aug2025 00:08:38.865] [Server thread/INFO] [net.minecraft.server.MinecraftServer/]: [Not Secure] <Celxex> veni
[29Aug2025 00:08:49.320] [Server thread/INFO] [net.minecraft.server.MinecraftServer/]: [Not Secure] <Celxex> mira
[29Aug2025 00:09:14.316] [Server thread/INFO] [net.minecraft.server.MinecraftServer/]: [Not Secure] <Celxex> no se
[29Aug2025 00:09:24.542] [Server thread/INFO] [net.minecraft.server.MinecraftServer/]: [Not Secure] <Celxex> no hace nada
[29Aug2025 00:09:26.421] [Server thread/INFO] [net.alshanex.familiarslib.FamiliarsLib/]: Familiar 5a976c24-2f4d-4898-bcf9-feee5016837c exited house mode
[29Aug2025 00:09:44.084] [Server thread/INFO] [net.alshanex.familiarslib.FamiliarsLib/]: Familiar 5a976c24-2f4d-4898-bcf9-feee5016837c exited house mode
[29Aug2025 00:09:58.367] [Server thread/INFO] [net.minecraft.server.MinecraftServer/]: [Not Secure] <Celxex> cuando cargas a nimal pesado sale eso
[29Aug2025 00:11:42.531] [Server thread/INFO] [net.minecraft.server.MinecraftServer/]: [Not Secure] <Celxex> como sea pero debe ser a la orilla del agua
[29Aug2025 00:12:07.180] [Server thread/INFO] [net.alshanex.familiarslib.FamiliarsLib/]: Familiar 75fc8b52-3f2a-429b-aedb-82fe13bd66f9 exited house mode
[29Aug2025 00:12:07.180] [Server thread/INFO] [net.alshanex.familiarslib.FamiliarsLib/]: Familiar 722e4182-7286-45d6-a261-a1fb45b9486a exited house mode
[29Aug2025 00:12:31.279] [Server thread/INFO] [net.alshanex.familiarslib.FamiliarsLib/]: Familiar 75fc8b52-3f2a-429b-aedb-82fe13bd66f9 exited house mode
[29Aug2025 00:12:31.279] [Server thread/INFO] [net.alshanex.familiarslib.FamiliarsLib/]: Familiar 722e4182-7286-45d6-a261-a1fb45b9486a exited house mode
[29Aug2025 00:12:31.777] [Server thread/INFO] [net.minecraft.server.MinecraftServer/]: [Not Secure] <Celxex> si
[29Aug2025 00:13:03.838] [Server thread/INFO] [net.alshanex.familiarslib.FamiliarsLib/]: Familiar 75fc8b52-3f2a-429b-aedb-82fe13bd66f9 exited house mode
[29Aug2025 00:13:03.838] [Server thread/INFO] [net.alshanex.familiarslib.FamiliarsLib/]: Familiar 722e4182-7286-45d6-a261-a1fb45b9486a exited house mode
[29Aug2025 00:13:13.861] [Server thread/INFO] [net.minecraft.server.MinecraftServer/]: Celxex has made the advancement [The Parrots and the Bats]
[29Aug2025 00:13:49.732] [Server thread/INFO] [net.minecraft.server.MinecraftServer/]: [Not Secure] <Celxex> nada
[29Aug2025 00:14:01.840] [Server thread/INFO] [net.alshanex.familiarslib.FamiliarsLib/]: Familiar 75fc8b52-3f2a-429b-aedb-82fe13bd66f9 exited house mode
[29Aug2025 00:14:01.841] [Server thread/INFO] [net.alshanex.familiarslib.FamiliarsLib/]: Familiar 722e4182-7286-45d6-a261-a1fb45b9486a exited house mode
[29Aug2025 00:14:08.042] [Server thread/INFO] [net.alshanex.familiarslib.FamiliarsLib/]: Familiar 75fc8b52-3f2a-429b-aedb-82fe13bd66f9 exited house mode
[29Aug2025 00:14:08.042] [Server thread/INFO] [net.alshanex.familiarslib.FamiliarsLib/]: Familiar 722e4182-7286-45d6-a261-a1fb45b9486a exited house mode
[29Aug2025 00:17:26.875] [Server thread/WARN] [net.minecraft.server.level.ServerPlayerGameMode/]: Mismatch in destroy block pos: BlockPos{x=-231, y=63, z=-289} BlockPos{x=-231, y=62, z=-289}
[29Aug2025 00:17:39.876] [Server thread/INFO] [net.minecraft.server.MinecraftServer/]: Celxex has made the advancement [Crops of the Wild]
[29Aug2025 00:18:33.821] [Server thread/INFO] [net.alshanex.familiarslib.FamiliarsLib/]: Familiar 75fc8b52-3f2a-429b-aedb-82fe13bd66f9 exited house mode
[29Aug2025 00:18:33.822] [Server thread/INFO] [net.alshanex.familiarslib.FamiliarsLib/]: Familiar 722e4182-7286-45d6-a261-a1fb45b9486a exited house mode
[29Aug2025 00:19:07.945] [Server thread/INFO] [net.minecraft.server.MinecraftServer/]: [Not Secure] <Celxex> vo al baño
[29Aug2025 00:22:21.993] [Server thread/INFO] [net.minecraft.server.MinecraftServer/]: [Not Secure] <Celxex> puedes poner cualquier foto
[29Aug2025 00:22:29.818] [Server thread/INFO] [net.minecraft.server.MinecraftServer/]: [Not Secure] <Celxex> yo te enseñe como se hacia ante
[29Aug2025 00:23:32.733] [Server thread/INFO] [net.minecraft.server.MinecraftServer/]: [Not Secure] <Celxex> le das en new imagen
[29Aug2025 00:23:39.986] [Server thread/INFO] [net.minecraft.server.MinecraftServer/]: [Not Secure] <Celxex> y alli tienes que cargar una que tengas descargada tu
[29Aug2025 00:23:54.432] [Server thread/INFO] [net.minecraft.server.MinecraftServer/]: [Not Secure] <Celxex> para poner la imagen que tu quiera
[29Aug2025 00:24:07.519] [Server thread/INFO] [net.minecraft.server.MinecraftServer/]: [Not Secure] <Celxex> eso no se
[29Aug2025 00:29:27.684] [Server thread/INFO] [net.alshanex.familiarslib.FamiliarsLib/]: Familiar 75fc8b52-3f2a-429b-aedb-82fe13bd66f9 exited house mode
[29Aug2025 00:29:27.684] [Server thread/INFO] [net.alshanex.familiarslib.FamiliarsLib/]: Familiar 722e4182-7286-45d6-a261-a1fb45b9486a exited house mode
[29Aug2025 00:29:41.019] [Server thread/INFO] [net.minecraft.server.MinecraftServer/]: [Not Secure] <Celxex> ASJDAKS
[29Aug2025 00:29:48.322] [Server thread/INFO] [net.minecraft.server.MinecraftServer/]: [Not Secure] <Celxex> Y racista
[29Aug2025 00:30:01.243] [Server thread/INFO] [net.alshanex.familiarslib.FamiliarsLib/]: Familiar 8510f25f-eef5-4165-8131-6242cbe12681 exited house mode
[29Aug2025 00:30:01.243] [Server thread/INFO] [net.alshanex.familiarslib.FamiliarsLib/]: Familiar 93080f39-e46b-4065-8ade-29b34f2c32ee exited house mode
[29Aug2025 00:30:13.535] [Server thread/INFO] [net.alshanex.familiarslib.FamiliarsLib/]: Familiar d77d44a3-f574-41be-a28e-ba8db97a2e76 exited house mode
[29Aug2025 00:30:49.524] [Server thread/INFO] [net.minecraft.server.MinecraftServer/]: [Celxex: Set the time to 1000]
[29Aug2025 00:30:53.929] [Server thread/INFO] [net.alshanex.familiarslib.FamiliarsLib/]: Familiar d30fc6eb-279b-4f8d-a71f-77d60438c391 exited house mode
[29Aug2025 00:31:10.719] [Server thread/INFO] [net.minecraft.server.MinecraftServer/]: [Not Secure] <Celxex> de que
[29Aug2025 00:31:27.027] [Server thread/INFO] [net.alshanex.familiarslib.FamiliarsLib/]: Familiar 5f9d0b0c-473e-4c21-b829-ab42ee855549 exited house mode
[29Aug2025 00:32:01.203] [Server thread/INFO] [net.alshanex.familiarslib.FamiliarsLib/]: Familiar 5a976c24-2f4d-4898-bcf9-feee5016837c exited house mode
[29Aug2025 00:32:12.285] [Server thread/INFO] [net.minecraft.server.MinecraftServer/]: [Celxex: Teleported Celxex to Yasame14]
[29Aug2025 00:32:29.225] [Server thread/INFO] [net.alshanex.familiarslib.FamiliarsLib/]: Familiar 1558ec9c-17d2-455e-aaaf-b1dac45f617f exited house mode
[29Aug2025 00:32:29.226] [Server thread/INFO] [net.alshanex.familiarslib.FamiliarsLib/]: Familiar c5fe0db0-97f3-46ba-a7a4-3d9d6e58c369 exited house mode
[29Aug2025 00:33:06.770] [Server thread/INFO] [net.alshanex.familiarslib.FamiliarsLib/]: Familiar 1558ec9c-17d2-455e-aaaf-b1dac45f617f exited house mode
[29Aug2025 00:33:06.770] [Server thread/INFO] [net.alshanex.familiarslib.FamiliarsLib/]: Familiar c5fe0db0-97f3-46ba-a7a4-3d9d6e58c369 exited house mode
[29Aug2025 00:33:08.267] [Server thread/INFO] [net.alshanex.familiarslib.FamiliarsLib/]: Familiar 1558ec9c-17d2-455e-aaaf-b1dac45f617f exited house mode
[29Aug2025 00:33:08.268] [Server thread/INFO] [net.alshanex.familiarslib.FamiliarsLib/]: Familiar c5fe0db0-97f3-46ba-a7a4-3d9d6e58c369 exited house mode
[29Aug2025 00:33:09.644] [Server thread/INFO] [net.alshanex.familiarslib.FamiliarsLib/]: Familiar 1558ec9c-17d2-455e-aaaf-b1dac45f617f exited house mode
[29Aug2025 00:33:09.644] [Server thread/INFO] [net.alshanex.familiarslib.FamiliarsLib/]: Familiar c5fe0db0-97f3-46ba-a7a4-3d9d6e58c369 exited house mode
[29Aug2025 00:33:10.823] [Server thread/INFO] [net.alshanex.familiarslib.FamiliarsLib/]: Familiar 1558ec9c-17d2-455e-aaaf-b1dac45f617f exited house mode
[29Aug2025 00:33:10.823] [Server thread/INFO] [net.alshanex.familiarslib.FamiliarsLib/]: Familiar c5fe0db0-97f3-46ba-a7a4-3d9d6e58c369 exited house mode
[29Aug2025 00:33:12.122] [Server thread/INFO] [net.alshanex.familiarslib.FamiliarsLib/]: Familiar 1558ec9c-17d2-455e-aaaf-b1dac45f617f exited house mode
[29Aug2025 00:33:12.122] [Server thread/INFO] [net.alshanex.familiarslib.FamiliarsLib/]: Familiar c5fe0db0-97f3-46ba-a7a4-3d9d6e58c369 exited house mode
[29Aug2025 00:33:12.968] [Server thread/INFO] [net.alshanex.familiarslib.FamiliarsLib/]: Familiar 1558ec9c-17d2-455e-aaaf-b1dac45f617f exited house mode
[29Aug2025 00:33:12.969] [Server thread/INFO] [net.alshanex.familiarslib.FamiliarsLib/]: Familiar c5fe0db0-97f3-46ba-a7a4-3d9d6e58c369 exited house mode
[29Aug2025 00:33:17.276] [Server thread/INFO] [net.minecraft.server.MinecraftServer/]: [Not Secure] <Celxex> para abajo
[29Aug2025 00:33:19.922] [Server thread/INFO] [net.alshanex.familiarslib.FamiliarsLib/]: Familiar 1558ec9c-17d2-455e-aaaf-b1dac45f617f exited house mode
[29Aug2025 00:33:19.922] [Server thread/INFO] [net.alshanex.familiarslib.FamiliarsLib/]: Familiar c5fe0db0-97f3-46ba-a7a4-3d9d6e58c369 exited house mode
[29Aug2025 00:33:21.732] [Server thread/INFO] [net.alshanex.familiarslib.FamiliarsLib/]: Familiar 1558ec9c-17d2-455e-aaaf-b1dac45f617f exited house mode
[29Aug2025 00:33:21.733] [Server thread/INFO] [net.alshanex.familiarslib.FamiliarsLib/]: Familiar c5fe0db0-97f3-46ba-a7a4-3d9d6e58c369 exited house mode
[29Aug2025 00:33:24.202] [Server thread/INFO] [net.alshanex.familiarslib.FamiliarsLib/]: Familiar 1558ec9c-17d2-455e-aaaf-b1dac45f617f exited house mode
[29Aug2025 00:33:24.202] [Server thread/INFO] [net.alshanex.familiarslib.FamiliarsLib/]: Familiar c5fe0db0-97f3-46ba-a7a4-3d9d6e58c369 exited house mode
[29Aug2025 00:33:26.595] [Server thread/INFO] [net.alshanex.familiarslib.FamiliarsLib/]: Familiar 1558ec9c-17d2-455e-aaaf-b1dac45f617f exited house mode
[29Aug2025 00:33:26.596] [Server thread/INFO] [net.alshanex.familiarslib.FamiliarsLib/]: Familiar c5fe0db0-97f3-46ba-a7a4-3d9d6e58c369 exited house mode
[29Aug2025 00:33:33.086] [Server thread/INFO] [net.alshanex.familiarslib.FamiliarsLib/]: Familiar 1558ec9c-17d2-455e-aaaf-b1dac45f617f exited house mode
[29Aug2025 00:33:33.086] [Server thread/INFO] [net.alshanex.familiarslib.FamiliarsLib/]: Familiar c5fe0db0-97f3-46ba-a7a4-3d9d6e58c369 exited house mode
[29Aug2025 00:33:37.569] [Server thread/INFO] [net.alshanex.familiarslib.FamiliarsLib/]: Familiar 1558ec9c-17d2-455e-aaaf-b1dac45f617f exited house mode
[29Aug2025 00:33:37.569] [Server thread/INFO] [net.alshanex.familiarslib.FamiliarsLib/]: Familiar c5fe0db0-97f3-46ba-a7a4-3d9d6e58c369 exited house mode
[29Aug2025 00:33:40.251] [Server thread/INFO] [net.alshanex.familiarslib.FamiliarsLib/]: Familiar 1558ec9c-17d2-455e-aaaf-b1dac45f617f exited house mode
[29Aug2025 00:33:40.252] [Server thread/INFO] [net.alshanex.familiarslib.FamiliarsLib/]: Familiar c5fe0db0-97f3-46ba-a7a4-3d9d6e58c369 exited house mode
[29Aug2025 00:33:42.403] [Server thread/INFO] [net.alshanex.familiarslib.FamiliarsLib/]: Familiar 1558ec9c-17d2-455e-aaaf-b1dac45f617f exited house mode
[29Aug2025 00:33:42.403] [Server thread/INFO] [net.alshanex.familiarslib.FamiliarsLib/]: Familiar c5fe0db0-97f3-46ba-a7a4-3d9d6e58c369 exited house mode
[29Aug2025 00:33:47.366] [Server thread/INFO] [net.alshanex.familiarslib.FamiliarsLib/]: Familiar 1558ec9c-17d2-455e-aaaf-b1dac45f617f exited house mode
[29Aug2025 00:33:47.366] [Server thread/INFO] [net.alshanex.familiarslib.FamiliarsLib/]: Familiar c5fe0db0-97f3-46ba-a7a4-3d9d6e58c369 exited house mode
[29Aug2025 00:34:00.072] [Server thread/INFO] [net.alshanex.familiarslib.FamiliarsLib/]: Familiar 1558ec9c-17d2-455e-aaaf-b1dac45f617f exited house mode
[29Aug2025 00:34:00.073] [Server thread/INFO] [net.alshanex.familiarslib.FamiliarsLib/]: Familiar c5fe0db0-97f3-46ba-a7a4-3d9d6e58c369 exited house mode
[29Aug2025 00:34:04.189] [Server thread/INFO] [net.alshanex.familiarslib.FamiliarsLib/]: Familiar 1558ec9c-17d2-455e-aaaf-b1dac45f617f exited house mode
[29Aug2025 00:34:04.189] [Server thread/INFO] [net.alshanex.familiarslib.FamiliarsLib/]: Familiar c5fe0db0-97f3-46ba-a7a4-3d9d6e58c369 exited house mode
[29Aug2025 00:34:35.648] [Server thread/INFO] [net.minecraft.server.MinecraftServer/]: Yasame14 has made the advancement [Getting an Upgrade]
[29Aug2025 00:36:07.594] [Server thread/INFO] [net.minecraft.server.MinecraftServer/]: [Not Secure] <Celxex> pera tocan la puerta
[29Aug2025 00:37:21.081] [Server thread/INFO] [net.minecraft.server.MinecraftServer/]: [Not Secure] <Celxex> ya
[29Aug2025 00:38:06.096] [Server thread/INFO] [net.minecraft.server.MinecraftServer/]: [Not Secure] <Celxex> vacio
[29Aug2025 00:38:17.090] [Server thread/INFO] [net.alshanex.familiarslib.FamiliarsLib/]: Familiar 5a976c24-2f4d-4898-bcf9-feee5016837c exited house mode
[29Aug2025 00:38:49.178] [Server thread/INFO] [net.alshanex.familiarslib.FamiliarsLib/]: Familiar 1558ec9c-17d2-455e-aaaf-b1dac45f617f exited house mode
[29Aug2025 00:38:49.178] [Server thread/INFO] [net.alshanex.familiarslib.FamiliarsLib/]: Familiar c5fe0db0-97f3-46ba-a7a4-3d9d6e58c369 exited house mode
[29Aug2025 00:38:57.416] [Server thread/INFO] [net.alshanex.familiarslib.FamiliarsLib/]: Familiar 1558ec9c-17d2-455e-aaaf-b1dac45f617f exited house mode
[29Aug2025 00:38:57.416] [Server thread/INFO] [net.alshanex.familiarslib.FamiliarsLib/]: Familiar c5fe0db0-97f3-46ba-a7a4-3d9d6e58c369 exited house mode
[29Aug2025 00:39:03.803] [Server thread/INFO] [net.alshanex.familiarslib.FamiliarsLib/]: Familiar 1558ec9c-17d2-455e-aaaf-b1dac45f617f exited house mode
[29Aug2025 00:39:03.803] [Server thread/INFO] [net.alshanex.familiarslib.FamiliarsLib/]: Familiar c5fe0db0-97f3-46ba-a7a4-3d9d6e58c369 exited house mode
[29Aug2025 00:39:05.188] [Server thread/INFO] [net.alshanex.familiarslib.FamiliarsLib/]: Familiar 1558ec9c-17d2-455e-aaaf-b1dac45f617f exited house mode
[29Aug2025 00:39:05.189] [Server thread/INFO] [net.alshanex.familiarslib.FamiliarsLib/]: Familiar c5fe0db0-97f3-46ba-a7a4-3d9d6e58c369 exited house mode
[29Aug2025 00:39:06.849] [Server thread/INFO] [net.alshanex.familiarslib.FamiliarsLib/]: Familiar 1558ec9c-17d2-455e-aaaf-b1dac45f617f exited house mode
[29Aug2025 00:39:06.849] [Server thread/INFO] [net.alshanex.familiarslib.FamiliarsLib/]: Familiar c5fe0db0-97f3-46ba-a7a4-3d9d6e58c369 exited house mode
[29Aug2025 00:39:07.267] [Server thread/INFO] [net.alshanex.familiarslib.FamiliarsLib/]: Familiar 0c9b4ef7-718e-4c6c-8521-c86238c61f4b exited house mode
[29Aug2025 00:39:11.418] [Server thread/INFO] [net.alshanex.familiarslib.FamiliarsLib/]: Familiar 1558ec9c-17d2-455e-aaaf-b1dac45f617f exited house mode
[29Aug2025 00:39:11.418] [Server thread/INFO] [net.alshanex.familiarslib.FamiliarsLib/]: Familiar c5fe0db0-97f3-46ba-a7a4-3d9d6e58c369 exited house mode
[29Aug2025 00:39:12.964] [Server thread/INFO] [net.minecraft.server.MinecraftServer/]: Celxex has made the advancement [Ol' Betsy]
[29Aug2025 00:39:14.651] [Server thread/INFO] [net.alshanex.familiarslib.FamiliarsLib/]: Familiar 1558ec9c-17d2-455e-aaaf-b1dac45f617f exited house mode
[29Aug2025 00:39:14.652] [Server thread/INFO] [net.alshanex.familiarslib.FamiliarsLib/]: Familiar c5fe0db0-97f3-46ba-a7a4-3d9d6e58c369 exited house mode
[29Aug2025 00:39:20.448] [Server thread/INFO] [net.alshanex.familiarslib.FamiliarsLib/]: Familiar 1558ec9c-17d2-455e-aaaf-b1dac45f617f exited house mode
[29Aug2025 00:39:20.449] [Server thread/INFO] [net.alshanex.familiarslib.FamiliarsLib/]: Familiar c5fe0db0-97f3-46ba-a7a4-3d9d6e58c369 exited house mode
[29Aug2025 00:39:21.423] [Server thread/INFO] [net.alshanex.familiarslib.FamiliarsLib/]: Familiar 1558ec9c-17d2-455e-aaaf-b1dac45f617f exited house mode
[29Aug2025 00:39:21.424] [Server thread/INFO] [net.alshanex.familiarslib.FamiliarsLib/]: Familiar c5fe0db0-97f3-46ba-a7a4-3d9d6e58c369 exited house mode
[29Aug2025 00:39:23.691] [Server thread/INFO] [net.alshanex.familiarslib.FamiliarsLib/]: Familiar 1558ec9c-17d2-455e-aaaf-b1dac45f617f exited house mode
[29Aug2025 00:39:23.691] [Server thread/INFO] [net.alshanex.familiarslib.FamiliarsLib/]: Familiar c5fe0db0-97f3-46ba-a7a4-3d9d6e58c369 exited house mode
[29Aug2025 00:39:27.403] [Server thread/INFO] [net.alshanex.familiarslib.FamiliarsLib/]: Familiar 1558ec9c-17d2-455e-aaaf-b1dac45f617f exited house mode
[29Aug2025 00:39:27.403] [Server thread/INFO] [net.alshanex.familiarslib.FamiliarsLib/]: Familiar c5fe0db0-97f3-46ba-a7a4-3d9d6e58c369 exited house mode
[29Aug2025 00:39:29.418] [Server thread/INFO] [net.alshanex.familiarslib.FamiliarsLib/]: Familiar 1558ec9c-17d2-455e-aaaf-b1dac45f617f exited house mode
[29Aug2025 00:39:29.419] [Server thread/INFO] [net.alshanex.familiarslib.FamiliarsLib/]: Familiar c5fe0db0-97f3-46ba-a7a4-3d9d6e58c369 exited house mode
[29Aug2025 00:39:30.213] [Server thread/INFO] [net.minecraft.server.MinecraftServer/]: Yasame14 was slain by Skeleton
[29Aug2025 00:39:30.443] [Server thread/INFO] [net.alshanex.familiarslib.FamiliarsLib/]: Familiar 1558ec9c-17d2-455e-aaaf-b1dac45f617f exited house mode
[29Aug2025 00:39:30.443] [Server thread/INFO] [net.alshanex.familiarslib.FamiliarsLib/]: Familiar c5fe0db0-97f3-46ba-a7a4-3d9d6e58c369 exited house mode
[29Aug2025 00:39:33.440] [Server thread/INFO] [net.minecraft.server.MinecraftServer/]: Yasame14 was not rescued in time
[29Aug2025 00:39:33.442] [Server thread/INFO] [com.tiviacz.travelersbackpack.TravelersBackpack/]: Created new backpack backup file for Yasame14 with unique ID travelersbackpack.standard_29.08.2025-00.39.33.dat
[29Aug2025 00:39:34.965] [Server thread/INFO] [net.alshanex.alshanex_familiars.AlshanexFamiliarsMod/]: Player Yasame14 cloned (death: true), copying familiar and bed link data
[29Aug2025 00:39:34.965] [Server thread/INFO] [net.alshanex.alshanex_familiars.AlshanexFamiliarsMod/]: Successfully copied 0 familiars and 0 bed links to new player
[29Aug2025 00:39:37.579] [Server thread/INFO] [net.alshanex.familiarslib.FamiliarsLib/]: Familiar 1558ec9c-17d2-455e-aaaf-b1dac45f617f exited house mode
[29Aug2025 00:39:37.579] [Server thread/INFO] [net.alshanex.familiarslib.FamiliarsLib/]: Familiar c5fe0db0-97f3-46ba-a7a4-3d9d6e58c369 exited house mode
[29Aug2025 00:39:42.441] [Server thread/INFO] [net.minecraft.server.MinecraftServer/]: [Celxex: Teleported Yasame14 to Celxex]
[29Aug2025 00:39:42.869] [Server thread/INFO] [net.alshanex.familiarslib.FamiliarsLib/]: Familiar 1558ec9c-17d2-455e-aaaf-b1dac45f617f exited house mode
[29Aug2025 00:39:42.869] [Server thread/INFO] [net.alshanex.familiarslib.FamiliarsLib/]: Familiar c5fe0db0-97f3-46ba-a7a4-3d9d6e58c369 exited house mode
[29Aug2025 00:39:47.768] [Server thread/INFO] [net.alshanex.familiarslib.FamiliarsLib/]: Familiar 1558ec9c-17d2-455e-aaaf-b1dac45f617f exited house mode
[29Aug2025 00:39:47.769] [Server thread/INFO] [net.alshanex.familiarslib.FamiliarsLib/]: Familiar c5fe0db0-97f3-46ba-a7a4-3d9d6e58c369 exited house mode
[29Aug2025 00:39:51.063] [Server thread/INFO] [net.minecraft.server.MinecraftServer/]: Celxex has made the advancement [Not Today, Thank You]
[29Aug2025 00:39:52.269] [Server thread/INFO] [net.alshanex.familiarslib.FamiliarsLib/]: Familiar 1558ec9c-17d2-455e-aaaf-b1dac45f617f exited house mode
[29Aug2025 00:39:52.270] [Server thread/INFO] [net.alshanex.familiarslib.FamiliarsLib/]: Familiar c5fe0db0-97f3-46ba-a7a4-3d9d6e58c369 exited house mode
[29Aug2025 00:40:06.017] [Server thread/INFO] [net.alshanex.familiarslib.FamiliarsLib/]: Familiar 1558ec9c-17d2-455e-aaaf-b1dac45f617f exited house mode
[29Aug2025 00:40:06.017] [Server thread/INFO] [net.alshanex.familiarslib.FamiliarsLib/]: Familiar c5fe0db0-97f3-46ba-a7a4-3d9d6e58c369 exited house mode
[29Aug2025 00:40:39.265] [Server thread/INFO] [net.alshanex.familiarslib.FamiliarsLib/]: Familiar 1558ec9c-17d2-455e-aaaf-b1dac45f617f exited house mode
[29Aug2025 00:40:39.266] [Server thread/INFO] [net.alshanex.familiarslib.FamiliarsLib/]: Familiar c5fe0db0-97f3-46ba-a7a4-3d9d6e58c369 exited house mode
[29Aug2025 00:40:42.521] [Server thread/INFO] [net.alshanex.familiarslib.FamiliarsLib/]: Familiar 1558ec9c-17d2-455e-aaaf-b1dac45f617f exited house mode
[29Aug2025 00:40:42.521] [Server thread/INFO] [net.alshanex.familiarslib.FamiliarsLib/]: Familiar c5fe0db0-97f3-46ba-a7a4-3d9d6e58c369 exited house mode
[29Aug2025 00:40:43.698] [Server thread/INFO] [net.alshanex.familiarslib.FamiliarsLib/]: Familiar 1558ec9c-17d2-455e-aaaf-b1dac45f617f exited house mode
[29Aug2025 00:40:43.699] [Server thread/INFO] [net.alshanex.familiarslib.FamiliarsLib/]: Familiar c5fe0db0-97f3-46ba-a7a4-3d9d6e58c369 exited house mode
[29Aug2025 00:40:53.015] [Server thread/INFO] [net.alshanex.familiarslib.FamiliarsLib/]: Familiar 1558ec9c-17d2-455e-aaaf-b1dac45f617f exited house mode
[29Aug2025 00:40:53.016] [Server thread/INFO] [net.alshanex.familiarslib.FamiliarsLib/]: Familiar c5fe0db0-97f3-46ba-a7a4-3d9d6e58c369 exited house mode
[29Aug2025 00:41:51.912] [Server thread/INFO] [net.minecraft.server.MinecraftServer/]: Yasame14 was shot by Skeleton
[29Aug2025 00:41:56.201] [Server thread/INFO] [net.minecraft.server.MinecraftServer/]: Yasame14 was not rescued in time
[29Aug2025 00:41:56.205] [Server thread/INFO] [com.tiviacz.travelersbackpack.TravelersBackpack/]: Created new backpack backup file for Yasame14 with unique ID travelersbackpack.standard_29.08.2025-00.41.56.dat
[29Aug2025 00:41:58.521] [Server thread/INFO] [net.alshanex.alshanex_familiars.AlshanexFamiliarsMod/]: Player Yasame14 cloned (death: true), copying familiar and bed link data
[29Aug2025 00:41:58.522] [Server thread/INFO] [net.alshanex.alshanex_familiars.AlshanexFamiliarsMod/]: Successfully copied 0 familiars and 0 bed links to new player
[29Aug2025 00:42:14.121] [Server thread/INFO] [net.minecraft.server.MinecraftServer/]: [Not Secure] <Celxex> deja de morirte
[29Aug2025 00:42:17.277] [Server thread/INFO] [net.minecraft.server.MinecraftServer/]: [Not Secure] <Celxex> puedo revivirte
[29Aug2025 00:42:21.547] [Server thread/INFO] [net.minecraft.server.MinecraftServer/]: [Celxex: Teleported Yasame14 to Celxex]
[29Aug2025 00:42:49.869] [Server thread/INFO] [net.alshanex.familiarslib.FamiliarsLib/]: Familiar 0c9b4ef7-718e-4c6c-8521-c86238c61f4b exited house mode
[29Aug2025 00:43:10.815] [Server thread/INFO] [net.alshanex.familiarslib.FamiliarsLib/]: Familiar 0c9b4ef7-718e-4c6c-8521-c86238c61f4b exited house mode
[29Aug2025 00:43:19.823] [Server thread/INFO] [net.minecraft.server.MinecraftServer/]: [Celxex: Teleported Yasame14 to Celxex]
[29Aug2025 00:43:26.117] [Server thread/INFO] [net.alshanex.familiarslib.FamiliarsLib/]: Familiar 0c9b4ef7-718e-4c6c-8521-c86238c61f4b exited house mode
[29Aug2025 00:43:53.823] [Server thread/INFO] [net.minecraft.server.MinecraftServer/]: [Celxex: Teleported Celxex to Yasame14]
[29Aug2025 00:44:46.930] [Server thread/INFO] [net.minecraft.server.MinecraftServer/]: [Not Secure] <Celxex> toma
[29Aug2025 00:45:03.796] [Server thread/INFO] [net.minecraft.server.MinecraftServer/]: [Not Secure] <Celxex> usalo contra el mago
[29Aug2025 00:45:55.263] [Server thread/INFO] [net.minecraft.server.MinecraftServer/]: Yasame14 was shot by a skull from Vouzhul the Darkmaster
[29Aug2025 00:46:09.061] [Server thread/INFO] [net.minecraft.server.MinecraftServer/]: [Celxex: Teleported Yasame14 to Celxex]
[29Aug2025 00:46:19.485] [Server thread/INFO] [net.minecraft.server.MinecraftServer/]: [Not Secure] <Celxex> ta muy extremo
[29Aug2025 00:46:33.961] [Server thread/INFO] [net.minecraft.server.MinecraftServer/]: [Not Secure] <Celxex> alla
[29Aug2025 00:47:14.527] [Server thread/INFO] [net.minecraft.world.entity.LivingEntity/]: Named entity Evoker['Vouzhul the Darkmaster'/23947, l='ServerLevel[world]', x=-476.69, y=41.50, z=-315.81] died: Vouzhul the Darkmaster was slain by Celxex
[29Aug2025 00:47:23.266] [Server thread/INFO] [net.minecraft.server.MinecraftServer/]: Celxex withered away while fighting Stray
[29Aug2025 00:47:27.235] [Server thread/INFO] [net.minecraft.server.MinecraftServer/]: Celxex was not rescued in time
[29Aug2025 00:47:28.773] [Server thread/INFO] [net.alshanex.alshanex_familiars.AlshanexFamiliarsMod/]: Player Celxex cloned (death: true), copying familiar and bed link data
[29Aug2025 00:47:28.773] [Server thread/INFO] [net.alshanex.alshanex_familiars.AlshanexFamiliarsMod/]: Successfully copied 0 familiars and 0 bed links to new player
[29Aug2025 00:47:33.222] [Server thread/INFO] [net.minecraft.server.MinecraftServer/]: [Celxex: Teleported Celxex to Yasame14]
[29Aug2025 00:49:09.529] [Server thread/INFO] [net.minecraft.server.MinecraftServer/]: [Not Secure] <Celxex> las que
[29Aug2025 00:49:26.452] [Server thread/INFO] [net.minecraft.server.MinecraftServer/]: [Not Secure] <Celxex> en el casco
[29Aug2025 00:49:59.361] [Server thread/INFO] [net.minecraft.server.MinecraftServer/]: [Not Secure] <Celxex> ah
[29Aug2025 00:50:06.441] [Server thread/INFO] [net.minecraft.server.MinecraftServer/]: [Not Secure] <Celxex> a la derecha de tu personaje
[29Aug2025 00:50:09.146] [Server thread/INFO] [net.minecraft.server.MinecraftServer/]: [Not Secure] <Celxex> sale otro icono
[29Aug2025 00:50:11.335] [Server thread/INFO] [net.minecraft.server.MinecraftServer/]: [Not Secure] <Celxex> dale alli
[29Aug2025 00:50:19.343] [Server thread/INFO] [net.minecraft.server.MinecraftServer/]: [Not Secure] <Celxex> dale a
[29Aug2025 00:50:22.586] [Server thread/INFO] [net.minecraft.server.MinecraftServer/]: [Not Secure] <Celxex> original
[29Aug2025 00:50:29.677] [Server thread/INFO] [net.minecraft.server.MinecraftServer/]: [Not Secure] <Celxex> alli
[29Aug2025 00:50:40.198] [Server thread/INFO] [net.minecraft.server.MinecraftServer/]: [Not Secure] <Celxex> alli van los acesorios
[29Aug2025 00:51:06.495] [Server thread/INFO] [net.minecraft.server.MinecraftServer/]: [Not Secure] <Celxex> a mi si se me ve el kiybi
[29Aug2025 00:51:11.733] [Server thread/INFO] [net.minecraft.server.MinecraftServer/]: [Not Secure] <Celxex> kirbi
[29Aug2025 00:51:55.962] [Server thread/INFO] [net.minecraft.server.MinecraftServer/]: [Not Secure] <Celxex> tengo un mapa
[29Aug2025 00:52:01.567] [Server thread/INFO] [net.minecraft.server.MinecraftServer/]: [Not Secure] <Celxex> dice
[29Aug2025 00:52:07.325] [Server thread/INFO] [net.minecraft.server.MinecraftServer/]: [Not Secure] <Celxex> mapa del vigilante celestial
[29Aug2025 00:52:16.978] [Server thread/INFO] [net.minecraft.server.MinecraftServer/]: [Not Secure] <Celxex> suena poderoso
[29Aug2025 00:53:06.673] [Server thread/INFO] [net.minecraft.server.MinecraftServer/]: [Not Secure] <Celxex> te mato y vas a la casa
[29Aug2025 00:53:15.735] [Server thread/INFO] [net.minecraft.server.MinecraftServer/]: Yasame14 was slain by Celxex
[29Aug2025 00:53:43.243] [Server thread/INFO] [net.minecraft.server.MinecraftServer/]: Yasame14 was not rescued in time
[29Aug2025 00:53:43.245] [Server thread/INFO] [com.tiviacz.travelersbackpack.TravelersBackpack/]: Created new backpack backup file for Yasame14 with unique ID travelersbackpack.standard_29.08.2025-00.53.43.dat
[29Aug2025 00:53:44.443] [Server thread/INFO] [net.alshanex.alshanex_familiars.AlshanexFamiliarsMod/]: Player Yasame14 cloned (death: true), copying familiar and bed link data
[29Aug2025 00:53:44.444] [Server thread/INFO] [net.alshanex.alshanex_familiars.AlshanexFamiliarsMod/]: Successfully copied 0 familiars and 0 bed links to new player
[29Aug2025 00:53:48.585] [Server thread/INFO] [net.minecraft.server.MinecraftServer/]: [Celxex: Teleported Celxex to Yasame14]
[29Aug2025 00:57:24.685] [Server thread/INFO] [net.minecraft.server.MinecraftServer/]: [Not Secure] <Celxex> se puede hacer ropa pero creo que ese mod esta demas velda
[29Aug2025 00:57:35.125] [Server thread/INFO] [net.minecraft.server.MinecraftServer/]: [Not Secure] <Celxex> oh no
[29Aug2025 00:57:41.722] [Server thread/INFO] [net.minecraft.server.MinecraftServer/]: [Not Secure] <Celxex> revisalo
[29Aug2025 00:58:30.547] [Server thread/INFO] [net.minecraft.server.MinecraftServer/]: [Not Secure] <Celxex> en el buscador de mods
[29Aug2025 01:00:03.879] [Server thread/INFO] [net.minecraft.server.MinecraftServer/]: [Not Secure] <Celxex> tambien hay peluches
[29Aug2025 01:00:15.864] [Server thread/INFO] [net.minecraft.server.MinecraftServer/]: [Not Secure] <Celxex> AJKSD
[29Aug2025 01:00:17.327] [Server thread/INFO] [net.minecraft.server.MinecraftServer/]: [Not Secure] <Celxex> valee
[29Aug2025 01:00:20.464] [Server thread/INFO] [net.minecraft.server.network.ServerGamePacketListenerImpl/]: Yasame14 lost connection: Disconnected
[29Aug2025 01:00:20.464] [Server thread/INFO] [net.minecraft.server.MinecraftServer/]: Yasame14 left the game
[29Aug2025 01:01:28.010] [Server thread/INFO] [net.minecraft.server.network.ServerGamePacketListenerImpl/]: Celxex lost connection: Disconnected
[29Aug2025 01:01:28.011] [Server thread/INFO] [net.minecraft.server.MinecraftServer/]: Celxex left the game
[29Aug2025 01:02:03.054] [Server thread/INFO] [net.minecraft.server.MinecraftServer/]: Stopping the server
[29Aug2025 01:02:03.107] [C2ME Storage #24/INFO] [C2ME Storage/]: Storage thread Thread[#122,C2ME Storage #24,5,SERVER] stopped
[29Aug2025 01:02:03.107] [C2ME Storage #23/INFO] [C2ME Storage/]: Storage thread Thread[#121,C2ME Storage #23,5,SERVER] stopped
[29Aug2025 01:02:03.107] [C2ME Storage #22/INFO] [C2ME Storage/]: Storage thread Thread[#120,C2ME Storage #22,5,SERVER] stopped
[29Aug2025 01:02:03.108] [Server thread/INFO] [net.minecraft.server.MinecraftServer/]: Stopping server
[29Aug2025 01:02:03.108] [Server thread/INFO] [net.minecraft.server.MinecraftServer/]: Saving players
[29Aug2025 01:02:03.109] [Server thread/INFO] [net.minecraft.server.MinecraftServer/]: Saving worlds
[29Aug2025 01:02:03.118] [Server thread/INFO] [net.minecraft.server.MinecraftServer/]: ServerLevel[world]/minecraft:overworld: waiting for 2837 chunks to unload
[29Aug2025 01:02:03.421] [Server thread/INFO] [net.minecraft.server.MinecraftServer/]: Saving chunks for level 'ServerLevel[world]'/minecraft:overworld
[29Aug2025 01:02:03.612] [Server thread/INFO] [net.minecraft.server.MinecraftServer/]: Saving chunks for level 'ServerLevel[world]'/nmr:astral_plane
[29Aug2025 01:02:03.612] [Server thread/INFO] [net.minecraft.server.MinecraftServer/]: Saving chunks for level 'ServerLevel[world]'/minecraft:the_nether
[29Aug2025 01:02:03.613] [Server thread/INFO] [net.minecraft.server.MinecraftServer/]: Saving chunks for level 'ServerLevel[world]'/irons_spellbooks:pocket_dimension
[29Aug2025 01:02:03.614] [Server thread/INFO] [net.minecraft.server.MinecraftServer/]: Saving chunks for level 'ServerLevel[world]'/kattersstructures:deep_blue
[29Aug2025 01:02:03.615] [Server thread/INFO] [net.minecraft.server.MinecraftServer/]: Saving chunks for level 'ServerLevel[world]'/minecraft:the_end
[29Aug2025 01:02:03.693] [Server thread/INFO] [net.minecraft.server.MinecraftServer/]: ThreadedAnvilChunkStorage (world): All chunks are saved
[29Aug2025 01:02:03.693] [Server thread/INFO] [net.minecraft.server.MinecraftServer/]: ThreadedAnvilChunkStorage (astral_plane): All chunks are saved
[29Aug2025 01:02:03.694] [Server thread/INFO] [net.minecraft.server.MinecraftServer/]: ThreadedAnvilChunkStorage (DIM-1): All chunks are saved
[29Aug2025 01:02:03.694] [Server thread/INFO] [net.minecraft.server.MinecraftServer/]: ThreadedAnvilChunkStorage (pocket_dimension): All chunks are saved
[29Aug2025 01:02:03.694] [Server thread/INFO] [net.minecraft.server.MinecraftServer/]: ThreadedAnvilChunkStorage (deep_blue): All chunks are saved
[29Aug2025 01:02:03.694] [Server thread/INFO] [net.minecraft.server.MinecraftServer/]: ThreadedAnvilChunkStorage (DIM1): All chunks are saved
[29Aug2025 01:02:03.695] [Server thread/INFO] [net.minecraft.server.MinecraftServer/]: ThreadedAnvilChunkStorage: All dimensions are saved
[29Aug2025 01:02:03.704] [C2ME Storage #3/INFO] [C2ME Storage/]: Storage thread Thread[#86,C2ME Storage #3,5,SERVER] stopped
[29Aug2025 01:02:03.721] [C2ME Storage #2/INFO] [C2ME Storage/]: Storage thread Thread[#85,C2ME Storage #2,5,SERVER] stopped
[29Aug2025 01:02:03.731] [C2ME Storage #1/INFO] [C2ME Storage/]: Storage thread Thread[#84,C2ME Storage #1,5,SERVER] stopped
[29Aug2025 01:02:03.731] [C2ME Storage #6/INFO] [C2ME Storage/]: Storage thread Thread[#92,C2ME Storage #6,5,SERVER] stopped
[29Aug2025 01:02:03.732] [C2ME Storage #5/INFO] [C2ME Storage/]: Storage thread Thread[#89,C2ME Storage #5,5,SERVER] stopped
[29Aug2025 01:02:03.732] [C2ME Storage #4/INFO] [C2ME Storage/]: Storage thread Thread[#88,C2ME Storage #4,5,SERVER] stopped
[29Aug2025 01:02:03.733] [C2ME Storage #9/INFO] [C2ME Storage/]: Storage thread Thread[#96,C2ME Storage #9,5,SERVER] stopped
[29Aug2025 01:02:03.733] [C2ME Storage #7/INFO] [C2ME Storage/]: Storage thread Thread[#94,C2ME Storage #7,5,SERVER] stopped
[29Aug2025 01:02:03.734] [C2ME Storage #8/INFO] [C2ME Storage/]: Storage thread Thread[#95,C2ME Storage #8,5,SERVER] stopped
[29Aug2025 01:02:03.734] [C2ME Storage #12/INFO] [C2ME Storage/]: Storage thread Thread[#99,C2ME Storage #12,5,SERVER] stopped
[29Aug2025 01:02:03.735] [C2ME Storage #11/INFO] [C2ME Storage/]: Storage thread Thread[#98,C2ME Storage #11,5,SERVER] stopped
[29Aug2025 01:02:03.736] [C2ME Storage #10/INFO] [C2ME Storage/]: Storage thread Thread[#97,C2ME Storage #10,5,SERVER] stopped
[29Aug2025 01:02:03.737] [C2ME Storage #15/INFO] [C2ME Storage/]: Storage thread Thread[#102,C2ME Storage #15,5,SERVER] stopped
[29Aug2025 01:02:03.737] [C2ME Storage #14/INFO] [C2ME Storage/]: Storage thread Thread[#101,C2ME Storage #14,5,SERVER] stopped
[29Aug2025 01:02:03.737] [C2ME Storage #13/INFO] [C2ME Storage/]: Storage thread Thread[#100,C2ME Storage #13,5,SERVER] stopped
[29Aug2025 01:02:03.738] [C2ME Storage #18/INFO] [C2ME Storage/]: Storage thread Thread[#105,C2ME Storage #18,5,SERVER] stopped
[29Aug2025 01:02:03.738] [C2ME Storage #17/INFO] [C2ME Storage/]: Storage thread Thread[#104,C2ME Storage #17,5,SERVER] stopped
[29Aug2025 01:02:03.739] [C2ME Storage #16/INFO] [C2ME Storage/]: Storage thread Thread[#103,C2ME Storage #16,5,SERVER] stopped
[29Aug2025 01:02:03.743] [Server thread/INFO] [Puzzles Lib/]: Dispatching unloading event for config easyanvils-server.toml
[29Aug2025 01:02:03.743] [Server thread/INFO] [Puzzles Lib/]: Dispatching unloading event for config leavesbegone-server.toml
[29Aug2025 01:02:03.744] [Server thread/INFO] [Puzzles Lib/]: Dispatching unloading event for config mutantmonsters-server.toml
[29Aug2025 01:02:03.745] [Server thread/INFO] [Puzzles Lib/]: Dispatching unloading event for config illagerinvasion-server.toml
[29Aug2025 01:02:03.745] [Server thread/INFO] [Puzzles Lib/]: Dispatching unloading event for config hangglider-server.toml
[29Aug2025 01:02:03.745] [Server thread/INFO] [Puzzles Lib/]: Dispatching unloading event for config easymagic-server.toml
